c:\users\mreyes\source\repos\nonchars\nonchars\debug\nonchars.pch
c:\users\mreyes\source\repos\nonchars\nonchars\debug\vc141.pdb
c:\users\mreyes\source\repos\nonchars\nonchars\debug\vc141.idb
c:\users\mreyes\source\repos\nonchars\nonchars\debug\pch.obj
c:\users\mreyes\source\repos\nonchars\nonchars\debug\nonchars.obj
c:\users\mreyes\source\repos\nonchars\debug\nonchars.exe
c:\users\mreyes\source\repos\nonchars\debug\nonchars.ilk
c:\users\mreyes\source\repos\nonchars\debug\nonchars.pdb
c:\emi\git\practice\non_repeating_chars\nonchars\debug\nonchars.obj
c:\emi\git\practice\non_repeating_chars\nonchars\debug\pch.obj
c:\emi\git\practice\non_repeating_chars\nonchars\debug\nonchars.obj.enc
c:\emi\git\practice\non_repeating_chars\nonchars\debug\nonchars.pch
c:\emi\git\practice\non_repeating_chars\nonchars\debug\vc141.idb
c:\emi\git\practice\non_repeating_chars\nonchars\debug\vc141.pdb
c:\emi\git\practice\non_repeating_chars\debug\nonchars.pdb
c:\emi\git\practice\non_repeating_chars\debug\nonchars.exe
c:\emi\git\practice\non_repeating_chars\debug\nonchars.ilk
c:\emi\git\practice\non_repeating_chars\nonchars\debug\nonchars.tlog\cl.command.1.tlog
c:\emi\git\practice\non_repeating_chars\nonchars\debug\nonchars.tlog\cl.read.1.tlog
c:\emi\git\practice\non_repeating_chars\nonchars\debug\nonchars.tlog\cl.write.1.tlog
c:\emi\git\practice\non_repeating_chars\nonchars\debug\nonchars.tlog\link.command.1.tlog
c:\emi\git\practice\non_repeating_chars\nonchars\debug\nonchars.tlog\link.read.1.tlog
c:\emi\git\practice\non_repeating_chars\nonchars\debug\nonchars.tlog\link.write.1.tlog
